<?xml version="1.0" encoding="UTF-8"?>
<testng-results ignored="0" total="2" passed="2" failed="0" skipped="0">
  <reporter-output>
  </reporter-output>
  <suite started-at="2021-11-05T22:22:44 GMT+05:30" name="Default suite" finished-at="2021-11-05T22:23:13 GMT+05:30" duration-ms="28338">
    <groups>
      <group name="cucumber">
        <method signature="AbstractTestNGCucumberTests.runScenario(io.cucumber.testng.PickleWrapper,io.cucumber.testng.FeatureWrapper)[pri:0, instance:cucumbertestng.TestRunner@662b4c69]" name="runScenario" class="io.cucumber.testng.AbstractTestNGCucumberTests"/>
      </group> <!-- cucumber -->
    </groups>
    <test started-at="2021-11-05T22:22:44 GMT+05:30" name="Default test" finished-at="2021-11-05T22:23:13 GMT+05:30" duration-ms="28338">
      <class name="cucumbertestng.TestRunner">
        <test-method is-config="true" signature="setUpClass(org.testng.ITestContext)[pri:0, instance:cucumbertestng.TestRunner@662b4c69]" started-at="2021-11-05T22:22:44 GMT+05:30" name="setUpClass" finished-at="2021-11-05T22:22:45 GMT+05:30" duration-ms="312" status="PASS">
          <params>
            <param index="0">
              <value>
                <![CDATA[org.testng.TestRunner@15bc339]]>
              </value>
            </param>
          </params>
          <reporter-output>
          </reporter-output>
        </test-method> <!-- setUpClass -->
        <test-method signature="runScenario(io.cucumber.testng.PickleWrapper,io.cucumber.testng.FeatureWrapper)[pri:0, instance:cucumbertestng.TestRunner@662b4c69]" started-at="2021-11-05T22:22:45 GMT+05:30" name="runScenario" description="Runs Cucumber Scenarios" data-provider="scenarios" finished-at="2021-11-05T22:22:58 GMT+05:30" duration-ms="13345" status="PASS">
          <params>
            <param index="0">
              <value>
                <![CDATA["Test the MercuryTours register page"]]>
              </value>
            </param>
            <param index="1">
              <value>
                <![CDATA["Optional[This test the MercuryTours website]"]]>
              </value>
            </param>
          </params>
          <reporter-output>
          </reporter-output>
        </test-method> <!-- runScenario -->
        <test-method signature="runScenario(io.cucumber.testng.PickleWrapper,io.cucumber.testng.FeatureWrapper)[pri:0, instance:cucumbertestng.TestRunner@662b4c69]" started-at="2021-11-05T22:22:58 GMT+05:30" name="runScenario" description="Runs Cucumber Scenarios" data-provider="scenarios" finished-at="2021-11-05T22:23:13 GMT+05:30" duration-ms="14622" status="PASS">
          <params>
            <param index="0">
              <value>
                <![CDATA["Test the MercuryTours register page"]]>
              </value>
            </param>
            <param index="1">
              <value>
                <![CDATA["Optional[This test the MercuryTours website]"]]>
              </value>
            </param>
          </params>
          <reporter-output>
          </reporter-output>
        </test-method> <!-- runScenario -->
        <test-method is-config="true" signature="tearDownClass()[pri:0, instance:cucumbertestng.TestRunner@662b4c69]" started-at="2021-11-05T22:23:13 GMT+05:30" name="tearDownClass" finished-at="2021-11-05T22:23:13 GMT+05:30" duration-ms="13" status="PASS">
          <reporter-output>
          </reporter-output>
        </test-method> <!-- tearDownClass -->
      </class> <!-- cucumbertestng.TestRunner -->
    </test> <!-- Default test -->
  </suite> <!-- Default suite -->
</testng-results>
