<?xml version="1.0" encoding="UTF-8"?>
<!-- Generated by org.testng.reporters.JUnitXMLReporter -->
<testsuite hostname="ustjava14" ignored="0" name="Surefire test" tests="2" failures="0" timestamp="2021-11-09T14:33:33 GMT+05:30" time="17.339" errors="0">
  <testcase name="runScenario" time="10.083" classname="io.cucumber.testng.AbstractTestNGCucumberTests"/>
  <testcase name="runScenario" time="6.679" classname="io.cucumber.testng.AbstractTestNGCucumberTests"/>
</testsuite> <!-- Surefire test -->
