<?xml version="1.0" encoding="UTF-8"?>
<!-- Generated by org.testng.reporters.JUnitXMLReporter -->
<testsuite ignored="0" hostname="DESKTOP-RRR4LHT" failures="0" tests="6" name="Default test" time="17.385" errors="0" timestamp="2021-11-10T08:43:52 IST">
  <testcase classname="TestNg.Test1" name="testingTitle" time="8.054"/>
  <testcase classname="TestNg.Test1" name="userRegistration" time="1.301"/>
  <testcase classname="TestNg.Test1" name="countrySelection" time="0.094"/>
  <testcase classname="TestNg.Test1" name="fillForm" time="1.821"/>
  <testcase classname="TestNg.Test1" name="logIn" time="3.675"/>
  <testcase classname="TestNg.Test1" name="flightCheck" time="2.347"/>
</testsuite> <!-- Default test -->
