<?xml version="1.0" encoding="UTF-8"?>
<testng-results ignored="0" total="1" passed="1" failed="0" skipped="0">
  <reporter-output>
  </reporter-output>
  <suite started-at="2021-11-09T19:44:11 GMT+05:30" name="jenkinscucumber.TestRunner" finished-at="2021-11-09T19:44:17 GMT+05:30" duration-ms="5852">
    <groups>
      <group name="cucumber">
        <method signature="AbstractTestNGCucumberTests.runScenario(io.cucumber.testng.PickleWrapper,io.cucumber.testng.FeatureWrapper)[pri:0, instance:jenkinscucumber.TestRunner@6302bbb1]" name="runScenario" class="io.cucumber.testng.AbstractTestNGCucumberTests"/>
      </group> <!-- cucumber -->
    </groups>
    <test started-at="2021-11-09T19:44:11 GMT+05:30" name="Command line test" finished-at="2021-11-09T19:44:17 GMT+05:30" duration-ms="5852">
      <class name="jenkinscucumber.TestRunner">
        <test-method is-config="true" signature="setUpClass()[pri:0, instance:jenkinscucumber.TestRunner@6302bbb1]" started-at="2021-11-09T19:44:11 GMT+05:30" name="setUpClass" finished-at="2021-11-09T19:44:11 GMT+05:30" duration-ms="342" status="PASS">
          <reporter-output>
          </reporter-output>
        </test-method> <!-- setUpClass -->
        <test-method signature="runScenario(io.cucumber.testng.PickleWrapper,io.cucumber.testng.FeatureWrapper)[pri:0, instance:jenkinscucumber.TestRunner@6302bbb1]" started-at="2021-11-09T19:44:11 GMT+05:30" name="runScenario" description="Runs Cucumber Scenarios" data-provider="scenarios" finished-at="2021-11-09T19:44:17 GMT+05:30" duration-ms="5399" status="PASS">
          <params>
            <param index="0">
              <value>
                <![CDATA["User Registrarion"]]>
              </value>
            </param>
            <param index="1">
              <value>
                <![CDATA["Cucumber-Selinieum-TestNG"]]>
              </value>
            </param>
          </params>
          <reporter-output>
          </reporter-output>
        </test-method> <!-- runScenario -->
        <test-method is-config="true" signature="tearDownClass()[pri:0, instance:jenkinscucumber.TestRunner@6302bbb1]" started-at="2021-11-09T19:44:17 GMT+05:30" name="tearDownClass" finished-at="2021-11-09T19:44:17 GMT+05:30" duration-ms="63" status="PASS">
          <reporter-output>
          </reporter-output>
        </test-method> <!-- tearDownClass -->
      </class> <!-- jenkinscucumber.TestRunner -->
    </test> <!-- Command line test -->
  </suite> <!-- jenkinscucumber.TestRunner -->
</testng-results>
