<?xml version="1.0" encoding="UTF-8"?>
<testng-results ignored="0" total="6" passed="6" failed="0" skipped="0">
  <reporter-output>
  </reporter-output>
  <suite started-at="2021-11-10T08:43:34 IST" name="Default suite" finished-at="2021-11-10T08:43:52 IST" duration-ms="17385">
    <groups>
    </groups>
    <test started-at="2021-11-10T08:43:34 IST" name="Default test" finished-at="2021-11-10T08:43:52 IST" duration-ms="17385">
      <class name="TestNg.Test1">
        <test-method signature="testingTitle()[pri:0, instance:TestNg.Test1@1725dc0f]" started-at="2021-11-10T08:43:34 IST" name="testingTitle" finished-at="2021-11-10T08:43:42 IST" duration-ms="8054" status="PASS">
          <reporter-output>
          </reporter-output>
        </test-method> <!-- testingTitle -->
        <test-method signature="userRegistration()[pri:1, instance:TestNg.Test1@1725dc0f]" started-at="2021-11-10T08:43:43 IST" name="userRegistration" finished-at="2021-11-10T08:43:44 IST" duration-ms="1301" status="PASS">
          <reporter-output>
          </reporter-output>
        </test-method> <!-- userRegistration -->
        <test-method signature="countrySelection()[pri:2, instance:TestNg.Test1@1725dc0f]" started-at="2021-11-10T08:43:44 IST" name="countrySelection" finished-at="2021-11-10T08:43:44 IST" duration-ms="94" status="PASS">
          <reporter-output>
          </reporter-output>
        </test-method> <!-- countrySelection -->
        <test-method signature="fillForm()[pri:3, instance:TestNg.Test1@1725dc0f]" started-at="2021-11-10T08:43:44 IST" name="fillForm" finished-at="2021-11-10T08:43:46 IST" duration-ms="1821" status="PASS">
          <reporter-output>
          </reporter-output>
        </test-method> <!-- fillForm -->
        <test-method signature="logIn()[pri:4, instance:TestNg.Test1@1725dc0f]" started-at="2021-11-10T08:43:46 IST" name="logIn" finished-at="2021-11-10T08:43:49 IST" duration-ms="3675" status="PASS">
          <reporter-output>
          </reporter-output>
        </test-method> <!-- logIn -->
        <test-method signature="flightCheck()[pri:5, instance:TestNg.Test1@1725dc0f]" started-at="2021-11-10T08:43:49 IST" name="flightCheck" finished-at="2021-11-10T08:43:52 IST" duration-ms="2347" status="PASS">
          <reporter-output>
          </reporter-output>
        </test-method> <!-- flightCheck -->
      </class> <!-- TestNg.Test1 -->
    </test> <!-- Default test -->
  </suite> <!-- Default suite -->
</testng-results>
