<?xml version="1.0" encoding="UTF-8"?>
<testng-results ignored="0" total="1" passed="1" failed="0" skipped="0">
  <reporter-output>
  </reporter-output>
  <suite started-at="2021-11-18T20:37:51 IST" name="Default suite" finished-at="2021-11-18T20:37:55 IST" duration-ms="4487">
    <groups>
    </groups>
    <test started-at="2021-11-18T20:37:51 IST" name="Default test" finished-at="2021-11-18T20:37:55 IST" duration-ms="4487">
      <class name="post.PostExampleMain">
        <test-method signature="postRequest()[pri:0, instance:post.PostExampleMain@4690b489]" started-at="2021-11-18T20:37:51 IST" name="postRequest" finished-at="2021-11-18T20:37:55 IST" duration-ms="4383" status="PASS">
          <reporter-output>
          </reporter-output>
        </test-method> <!-- postRequest -->
      </class> <!-- post.PostExampleMain -->
    </test> <!-- Default test -->
  </suite> <!-- Default suite -->
</testng-results>
